--------------------------------2017/2/24 13:20:39

------

--------------------------------2017/2/24 13:21:51

------

--------------------------------2017/2/24 13:41:43

------

--------------------------------2017/2/24 13:41:44

------

--------------------------------2017/2/24 13:41:48

------

--------------------------------2017/2/24 13:42:18

------

--------------------------------2017/2/24 13:42:19

------

--------------------------------2017/2/24 13:42:54

------

--------------------------------2017/2/24 13:43:00

------

--------------------------------2017/2/24 13:43:51

------

--------------------------------2017/2/24 13:45:26

------

--------------------------------2017/2/24 13:45:27

------

--------------------------------2017/2/24 13:46:28

------

--------------------------------2017/2/24 13:46:32

------

--------------------------------2017/2/24 13:47:03

------

--------------------------------2017/2/24 13:47:04

------

--------------------------------2017/2/24 13:47:04

------

--------------------------------2017/2/24 13:47:07

------

--------------------------------2017/2/24 13:47:21

------

--------------------------------2017/2/24 13:47:22

------

--------------------------------2017/2/24 13:47:54

------

--------------------------------2017/2/24 13:47:56

------

--------------------------------2017/2/24 13:48:12

------

--------------------------------2017/2/24 13:48:13

------

--------------------------------2017/2/24 13:48:14

------

--------------------------------2017/2/24 13:48:14

------

--------------------------------2017/2/24 13:48:15

------

--------------------------------2017/2/24 13:48:15

------

--------------------------------2017/2/24 13:48:16

------

--------------------------------2017/2/24 13:48:31

------

--------------------------------2017/2/24 13:48:50

------

--------------------------------2017/2/24 13:48:54

------

--------------------------------2017/2/24 13:48:57

------

--------------------------------2017/2/24 13:53:04

------

--------------------------------2017/2/24 13:53:27

------

--------------------------------2017/2/24 13:53:52

------

--------------------------------2017/2/24 13:54:04

------

--------------------------------2017/2/24 13:54:24

------

--------------------------------2017/2/24 13:54:34

------

--------------------------------2017/2/24 13:54:46

------

--------------------------------2017/2/24 13:54:48

------

--------------------------------2017/2/24 13:54:58

------

--------------------------------2017/2/24 13:55:53

------

--------------------------------2017/2/24 13:56:08

------

--------------------------------2017/2/24 13:56:25

------

--------------------------------2017/2/24 14:06:06

------

--------------------------------2017/2/24 14:07:22

------

--------------------------------2017/2/24 14:08:48

------

--------------------------------2017/2/24 14:08:49

------

--------------------------------2017/2/24 14:23:43

------

--------------------------------2017/2/24 14:24:54

------

--------------------------------2017/2/24 14:24:56

------

--------------------------------2017/2/24 14:25:25

------

--------------------------------2017/2/24 14:25:26

------

--------------------------------2017/2/24 14:25:49

------

--------------------------------2017/2/24 14:26:14

------

--------------------------------2017/2/24 14:26:15

------

--------------------------------2017/2/24 14:26:46

------

--------------------------------2017/2/24 14:26:55

------

--------------------------------2017/2/24 14:27:13

------

--------------------------------2017/2/24 14:27:53

------

--------------------------------2017/2/24 14:28:13

------

--------------------------------2017/2/24 14:28:31

------

--------------------------------2017/2/24 14:29:56

------

--------------------------------2017/2/24 14:35:05

------

--------------------------------2017/2/24 14:42:41

------

--------------------------------2017/2/24 14:42:43

------

--------------------------------2017/2/24 14:45:18

------

--------------------------------2017/2/24 14:45:31

------

--------------------------------2017/2/24 16:44:04

------

--------------------------------2017/2/24 16:47:25

------

--------------------------------2017/2/24 16:47:32

------

--------------------------------2017/2/24 16:47:42

------

--------------------------------2017/2/24 16:47:42

------

--------------------------------2017/2/24 16:47:46

------

--------------------------------2017/2/25 9:30:15

------

--------------------------------2017/2/25 10:34:21

------

--------------------------------2017/2/25 10:37:02

------

--------------------------------2017/2/25 10:53:30

------

--------------------------------2017/2/25 10:53:47

------

--------------------------------2017/2/25 10:53:55

------

--------------------------------2017/2/25 10:55:00

------

--------------------------------2017/2/25 11:27:13

------

--------------------------------2017/2/25 13:23:35

------

--------------------------------2017/2/25 13:24:21

------

--------------------------------2017/2/25 13:27:03

------

--------------------------------2017/2/25 13:27:09

------

--------------------------------2017/2/25 13:27:28

------

--------------------------------2017/2/25 13:27:31

------

--------------------------------2017/2/25 13:27:35

------

--------------------------------2017/2/25 13:27:40

------

--------------------------------2017/2/25 13:27:43

------

--------------------------------2017/2/25 13:27:46

------

--------------------------------2017/2/25 13:27:47

------

--------------------------------2017/2/25 13:34:45

------

--------------------------------2017/2/25 13:34:47

------

--------------------------------2017/2/25 13:36:31

------

--------------------------------2017/2/25 13:37:09

------

--------------------------------2017/2/25 14:20:10

------

--------------------------------2017/2/25 14:24:44

------

--------------------------------2017/2/25 14:33:31

------

--------------------------------2017/2/25 14:40:19

------

--------------------------------2017/2/25 14:41:06

------

--------------------------------2017/2/25 14:41:10

------

--------------------------------2017/2/25 14:42:54

------

--------------------------------2017/2/25 14:43:32

------

--------------------------------2017/2/25 15:02:36
http://lytwx.ngrok.cc/weixinapi/api/CtMall/GetFocus?UserToken=oKUJKwoo-RwoiRlf9L-8mErnpkgc
------

ExMessage:远程服务器返回错误: (404) 未找到。
--------------------------------2017/2/25 15:04:28

------

--------------------------------2017/2/25 15:05:43

------

--------------------------------2017/2/27 16:55:53

------

--------------------------------2017/2/27 16:56:12

------

--------------------------------2017/2/27 17:04:16

------

--------------------------------2017/2/27 18:20:33

------

--------------------------------2017/2/27 18:20:41

------

--------------------------------2017/2/27 18:21:08
 http://172.16.0.113:8080/api/CtMall/GetFocus?UserToken=oKUJKwunacJeu9s1ijRMaYev3KQY
------

ExMessage:远程服务器返回错误: (404) 未找到。
--------------------------------2017/2/27 18:27:00

------

--------------------------------2017/2/27 18:27:55
 http://172.16.0.113:8080/api/CtMall/GetFocus?UserToken=oKUJKwuEkyLxn6NDQnqGje5yLPto
------

ExMessage:远程服务器返回错误: (404) 未找到。
--------------------------------2017/2/27 18:37:05

------

--------------------------------2017/2/27 18:37:20
 http://172.16.0.113:8080/api/CtMall/GetFocus?UserToken=oKUJKwuEkyLxn6NDQnqGje5yLPto
------

ExMessage:远程服务器返回错误: (404) 未找到。
--------------------------------2017/2/27 18:37:53

------

--------------------------------2017/2/27 18:41:52

------

--------------------------------2017/2/27 18:42:02
 http://172.16.0.113:8080/api/CtMall/GetFocus?UserToken=oKUJKwuEkyLxn6NDQnqGje5yLPto
------

ExMessage:远程服务器返回错误: (404) 未找到。
--------------------------------2017/2/27 18:44:21

------

--------------------------------2017/2/27 18:44:37
 http://172.16.0.113:8080/api/CtMall/GetFocus?UserToken=oKUJKwuEkyLxn6NDQnqGje5yLPto
------

ExMessage:远程服务器返回错误: (404) 未找到。
--------------------------------2017/2/27 18:52:37

------

--------------------------------2017/2/27 18:53:32
 http://172.16.0.113:8080/api/CtMall/GetFocus?UserToken=oKUJKwuEkyLxn6NDQnqGje5yLPto
------

ExMessage:远程服务器返回错误: (404) 未找到。
--------------------------------2017/2/28 14:24:37

------

--------------------------------2017/2/28 14:29:24

------

--------------------------------2017/2/28 14:29:26

------

--------------------------------2017/2/28 14:29:38

------

--------------------------------2017/2/28 14:55:41

------

--------------------------------2017/2/28 14:56:35

------

--------------------------------2017/2/28 14:56:36

------

--------------------------------2017/2/28 15:09:36

------

--------------------------------2017/2/28 15:09:48

------

--------------------------------2017/2/28 15:09:48

------

--------------------------------2017/2/28 15:09:51

------

--------------------------------2017/2/28 15:10:03

------

--------------------------------2017/2/28 15:10:11

------

--------------------------------2017/2/28 15:10:13

------

--------------------------------2017/2/28 15:10:21

------

--------------------------------2017/2/28 15:12:05

------

--------------------------------2017/2/28 15:14:17

------

--------------------------------2017/2/28 15:19:02

------

--------------------------------2017/2/28 15:24:19

------

--------------------------------2017/2/28 15:24:51

------

--------------------------------2017/2/28 15:25:27

------

--------------------------------2017/2/28 15:29:42

------

--------------------------------2017/2/28 15:30:11

------

--------------------------------2017/2/28 15:31:26

------

--------------------------------2017/2/28 15:35:31

------

--------------------------------2017/2/28 15:36:37

------

--------------------------------2017/2/28 15:36:58

------

--------------------------------2017/2/28 15:37:31

------

--------------------------------2017/2/28 15:37:39

------

--------------------------------2017/2/28 15:39:26

------

--------------------------------2017/2/28 15:42:15

------

--------------------------------2017/2/28 15:45:42

------

--------------------------------2017/2/28 15:46:40

------

--------------------------------2017/2/28 15:50:42

------

--------------------------------2017/2/28 15:51:33

------

--------------------------------2017/2/28 15:51:48

------

--------------------------------2017/2/28 15:53:38

------

--------------------------------2017/2/28 15:54:00

------

--------------------------------2017/2/28 15:54:02

------

--------------------------------2017/2/28 15:56:48

------

--------------------------------2017/2/28 16:01:43

------

--------------------------------2017/2/28 16:01:44

------

--------------------------------2017/2/28 16:04:36

------

--------------------------------2017/2/28 16:07:39

------

--------------------------------2017/2/28 16:11:58

------

--------------------------------2017/2/28 16:15:26

------

--------------------------------2017/2/28 16:28:53

------

--------------------------------2017/2/28 16:29:37

------

--------------------------------2017/2/28 16:29:53

------

--------------------------------2017/2/28 16:30:02

------

--------------------------------2017/2/28 16:30:06

------

--------------------------------2017/2/28 16:33:03

------

--------------------------------2017/2/28 16:33:50

------

--------------------------------2017/2/28 16:35:52

------

--------------------------------2017/2/28 16:37:24

------

--------------------------------2017/2/28 16:37:32

------

--------------------------------2017/2/28 16:40:32

------

--------------------------------2017/2/28 16:41:08

------

--------------------------------2017/2/28 16:44:30

------

--------------------------------2017/2/28 16:50:31

------

--------------------------------2017/2/28 16:55:41

------

--------------------------------2017/2/28 17:08:15

------

--------------------------------2017/2/28 17:08:35

------

--------------------------------2017/2/28 17:08:54

------

--------------------------------2017/2/28 17:12:29

------

--------------------------------2017/2/28 17:12:37

------

--------------------------------2017/2/28 17:13:44

------

--------------------------------2017/2/28 17:13:44

------

--------------------------------2017/2/28 17:13:44

------

--------------------------------2017/2/28 17:13:44

------

--------------------------------2017/2/28 17:13:44

------

--------------------------------2017/2/28 17:13:44

------

--------------------------------2017/2/28 17:13:44

------

--------------------------------2017/2/28 17:13:44

------

--------------------------------2017/2/28 17:13:44

------

--------------------------------2017/2/28 17:13:45

------

--------------------------------2017/2/28 17:13:45

------

--------------------------------2017/2/28 17:13:45

------

--------------------------------2017/2/28 17:13:45

------

--------------------------------2017/2/28 17:14:01

------

--------------------------------2017/2/28 17:21:06

------

--------------------------------2017/2/28 17:21:27

------

--------------------------------2017/2/28 17:24:58

------

--------------------------------2017/2/28 17:26:37

------

--------------------------------2017/2/28 17:46:15

------

--------------------------------2017/2/28 17:46:45

------

--------------------------------2017/2/28 17:50:33

------

--------------------------------2017/2/28 17:52:20

------

--------------------------------2017/2/28 17:58:50

------

--------------------------------2017/2/28 18:00:10

------

--------------------------------2017/2/28 18:00:12

------

--------------------------------2017/2/28 18:15:28

------

--------------------------------2017/2/28 18:16:20

------

--------------------------------2017/2/28 18:16:20

------

--------------------------------2017/2/28 18:16:20

------

--------------------------------2017/2/28 18:16:20

------

--------------------------------2017/2/28 18:16:20

------

--------------------------------2017/2/28 18:16:20

------

--------------------------------2017/2/28 18:16:20

------

--------------------------------2017/2/28 18:16:21

------

--------------------------------2017/2/28 18:16:21

------

--------------------------------2017/2/28 18:16:21

------

--------------------------------2017/2/28 18:16:21

------

--------------------------------2017/2/28 18:16:21

------

--------------------------------2017/2/28 18:16:21

------

--------------------------------2017/2/28 18:16:21

------

--------------------------------2017/2/28 18:18:56

------

--------------------------------2017/2/28 18:18:56

------

--------------------------------2017/2/28 18:18:56

------

--------------------------------2017/2/28 18:18:56

------

--------------------------------2017/2/28 18:18:57

------

--------------------------------2017/2/28 18:18:57

------

--------------------------------2017/2/28 18:18:57

------

--------------------------------2017/2/28 18:18:57

------

--------------------------------2017/2/28 18:18:57

------

--------------------------------2017/2/28 18:18:57

------

--------------------------------2017/2/28 18:18:58

------

--------------------------------2017/2/28 18:18:58

------

--------------------------------2017/2/28 18:18:58

------

--------------------------------2017/2/28 18:18:59

------

--------------------------------2017/2/28 18:18:59

------

--------------------------------2017/2/28 18:18:59

------

--------------------------------2017/2/28 18:21:50

------

--------------------------------2017/2/28 18:23:02

------

--------------------------------2017/2/28 18:50:24

------

--------------------------------2017/2/28 18:54:16

------

--------------------------------2017/2/28 19:02:09

------

--------------------------------2017/2/28 19:04:06

------

